<?xml version="1.0" encoding="UTF-8"?>
<!-- Generated by org.testng.reporters.JUnitReportReporter -->
<testsuite hostname="LAPTOP-D3MD0V0G" failures="0" tests="1" name="com.selenium.assessment.SearchAgainToVerify" time="21.502" errors="0" timestamp="2022-01-28T02:05:46 SAST" skipped="0">
  <testcase classname="com.selenium.assessment.SearchAgainToVerify" name="test_case_eight" time="21.502"/>
  <system-out/>
</testsuite> <!-- com.selenium.assessment.SearchAgainToVerify -->
