<?xml version="1.0" encoding="UTF-8"?>
<!-- Generated by org.testng.reporters.JUnitReportReporter -->
<testsuite hostname="LAPTOP-D3MD0V0G" failures="0" tests="4" name="com.selenium.assessment.ClickSearchTab" time="11.864" errors="0" timestamp="2022-01-29T21:19:29 SAST" skipped="0">
  <testcase classname="com.selenium.assessment.ClickSearchTab" name="test_case_six" time="11.860"/>
  <system-out/>
  <testcase classname="com.selenium.assessment.ClickSearchTab" name="validateUsername" time="0.001"/>
  <system-out/>
  <testcase classname="com.selenium.assessment.ClickSearchTab" name="validateEmployeeName" time="0.001"/>
  <system-out/>
  <testcase classname="com.selenium.assessment.ClickSearchTab" name="validateStatus" time="0.002"/>
  <system-out/>
</testsuite> <!-- com.selenium.assessment.ClickSearchTab -->
