<?xml version="1.0" encoding="UTF-8"?>
<!-- Generated by org.testng.reporters.JUnitReportReporter -->
<testsuite hostname="LAPTOP-D3MD0V0G" failures="0" tests="2" name="com.selenium.assessment.AddUser" time="3.297" errors="0" timestamp="2022-01-30T17:48:36 SAST" skipped="0">
  <testcase classname="com.selenium.assessment.AddUser" name="test_case_five" time="3.265"/>
  <system-out/>
  <testcase classname="com.selenium.assessment.AddUser" name="VerifyStatusDropdown" time="0.032"/>
  <system-out/>
</testsuite> <!-- com.selenium.assessment.AddUser -->
