<?xml version="1.0" encoding="UTF-8"?>
<!-- Generated by org.testng.reporters.JUnitReportReporter -->
<testsuite hostname="LAPTOP-D3MD0V0G" failures="0" tests="1" name="com.selenium.assessment.PageTitle" time="8.308" errors="0" timestamp="2022-01-30T17:48:36 SAST" skipped="0">
  <testcase classname="com.selenium.assessment.PageTitle" name="test_case_one" time="8.308"/>
  <system-out/>
</testsuite> <!-- com.selenium.assessment.PageTitle -->
