<?xml version="1.0" encoding="UTF-8"?>
<!-- Generated by org.testng.reporters.JUnitReportReporter -->
<testsuite hostname="LAPTOP-D3MD0V0G" failures="0" tests="3" name="com.selenium.assessment.ClickAddButton" time="0.908" errors="0" timestamp="2022-01-29T21:19:29 SAST" skipped="0">
  <testcase classname="com.selenium.assessment.ClickAddButton" name="test_case_four" time="0.831"/>
  <system-out/>
  <testcase classname="com.selenium.assessment.ClickAddButton" name="ValidateUrl" time="0.015"/>
  <system-out/>
  <testcase classname="com.selenium.assessment.ClickAddButton" name="AddUserH1" time="0.062"/>
  <system-out/>
</testsuite> <!-- com.selenium.assessment.ClickAddButton -->
