<?xml version="1.0" encoding="UTF-8"?>
<!-- Generated by org.testng.reporters.JUnitReportReporter -->
<testsuite hostname="LAPTOP-D3MD0V0G" failures="0" tests="3" name="com.selenium.assessment.AddButton" time="0.717" errors="0" timestamp="2022-01-30T17:48:36 SAST" skipped="0">
  <testcase classname="com.selenium.assessment.AddButton" name="test_case_four" time="0.697"/>
  <system-out/>
  <testcase classname="com.selenium.assessment.AddButton" name="ValidateUrl" time="0.005"/>
  <system-out/>
  <testcase classname="com.selenium.assessment.AddButton" name="AddUserH1" time="0.015"/>
  <system-out/>
</testsuite> <!-- com.selenium.assessment.AddButton -->
