<?xml version="1.0" encoding="UTF-8"?>
<!-- Generated by org.testng.reporters.JUnitReportReporter -->
<testsuite hostname="LAPTOP-D3MD0V0G" failures="0" tests="6" name="com.selenium.assessment.AdminTab" time="1.382" errors="0" timestamp="2022-01-30T17:48:36 SAST" skipped="0">
  <testcase classname="com.selenium.assessment.AdminTab" name="test_case_three" time="1.313"/>
  <system-out/>
  <testcase classname="com.selenium.assessment.AdminTab" name="validateAdminUrl" time="0.004"/>
  <system-out/>
  <testcase classname="com.selenium.assessment.AdminTab" name="validateAdd" time="0.018"/>
  <system-out/>
  <testcase classname="com.selenium.assessment.AdminTab" name="validateDelete" time="0.016"/>
  <system-out/>
  <testcase classname="com.selenium.assessment.AdminTab" name="validateSearch" time="0.017"/>
  <system-out/>
  <testcase classname="com.selenium.assessment.AdminTab" name="validateReset" time="0.014"/>
  <system-out/>
</testsuite> <!-- com.selenium.assessment.AdminTab -->
